<?xml version="1.0" encoding="UTF-8"?>
<!-- Generated by org.testng.reporters.JUnitReportReporter -->
<testsuite skipped="0" hostname="LAPTOP-ORI8JR52" name="com.bestby.productapitest.ProductAPIPostTest" tests="4" failures="0" timestamp="2020-10-23T14:43:58 IST" time="2.246" errors="0">
  <testcase name="verifyProductApiProductAddTest" time="0.038" classname="com.bestby.productapitest.ProductAPIPostTest"/>
  <testcase name="verifyProductApiProductAddTest" time="2.116" classname="com.bestby.productapitest.ProductAPIPostTest"/>
  <testcase name="verifyProductApiProductAddTest" time="0.050" classname="com.bestby.productapitest.ProductAPIPostTest"/>
  <testcase name="verifyProductApiProductAddTest" time="0.042" classname="com.bestby.productapitest.ProductAPIPostTest"/>
</testsuite> <!-- com.bestby.productapitest.ProductAPIPostTest -->
