<?xml version="1.0" encoding="UTF-8"?>
<!-- Generated by org.testng.reporters.JUnitReportReporter -->
<testsuite skipped="0" hostname="LAPTOP-ORI8JR52" name="com.bestbuy.serviceapitest.ServiceAPIPostTest" tests="2" failures="0" timestamp="2020-10-23T21:23:54 IST" time="2.497" errors="0">
  <testcase name="verifyServiceApiServiceAddTest" time="2.442" classname="com.bestbuy.serviceapitest.ServiceAPIPostTest"/>
  <testcase name="verifyServiceApiServiceAddTest" time="0.055" classname="com.bestbuy.serviceapitest.ServiceAPIPostTest"/>
</testsuite> <!-- com.bestbuy.serviceapitest.ServiceAPIPostTest -->
