<?xml version="1.0" encoding="UTF-8"?>
<!-- Generated by org.testng.reporters.JUnitReportReporter -->
<testsuite skipped="0" hostname="LAPTOP-ORI8JR52" name="com.bestbuy.rough.Rough" tests="4" failures="0" timestamp="2020-10-23T14:23:24 IST" time="2.271" errors="0">
  <testcase name="dataProviderTest" time="0.061" classname="com.bestbuy.rough.Rough"/>
  <testcase name="dataProviderTest" time="0.050" classname="com.bestbuy.rough.Rough"/>
  <testcase name="dataProviderTest" time="2.112" classname="com.bestbuy.rough.Rough"/>
  <testcase name="dataProviderTest" time="0.048" classname="com.bestbuy.rough.Rough"/>
</testsuite> <!-- com.bestbuy.rough.Rough -->
