<?xml version="1.0" encoding="UTF-8"?>
<!-- Generated by org.testng.reporters.JUnitReportReporter -->
<testsuite skipped="0" hostname="LAPTOP-ORI8JR52" name="com.bestby.productapitest.ProductAPIGetTest" tests="10" failures="0" timestamp="2020-10-23T22:30:21 IST" time="5.101" errors="0">
  <testcase name="verifyProductApiResponse" time="0.170" classname="com.bestby.productapitest.ProductAPIGetTest"/>
  <testcase name="verifyProductApiResponse" time="0.240" classname="com.bestby.productapitest.ProductAPIGetTest"/>
  <testcase name="verifyProductApiResponse" time="0.261" classname="com.bestby.productapitest.ProductAPIGetTest"/>
  <testcase name="verifyProductApiResponse" time="3.160" classname="com.bestby.productapitest.ProductAPIGetTest"/>
  <testcase name="verifyProductApiResponse" time="0.215" classname="com.bestby.productapitest.ProductAPIGetTest"/>
  <testcase name="verifyProductApiResponse" time="0.200" classname="com.bestby.productapitest.ProductAPIGetTest"/>
  <testcase name="verifyProductApiResponse" time="0.236" classname="com.bestby.productapitest.ProductAPIGetTest"/>
  <testcase name="verifyProductApiResponse" time="0.216" classname="com.bestby.productapitest.ProductAPIGetTest"/>
  <testcase name="verifyProductApiResponse" time="0.210" classname="com.bestby.productapitest.ProductAPIGetTest"/>
  <testcase name="verifyProductApiResponse" time="0.193" classname="com.bestby.productapitest.ProductAPIGetTest"/>
</testsuite> <!-- com.bestby.productapitest.ProductAPIGetTest -->
