<?xml version="1.0" encoding="UTF-8"?>
<!-- Generated by org.testng.reporters.JUnitReportReporter -->
<testsuite skipped="0" hostname="LAPTOP-ORI8JR52" name="com.bestby.productapitest.ProductAPIGetTest" tests="52" failures="0" timestamp="2020-10-24T13:33:00 IST" time="8.287" errors="0">
  <testcase name="verifyCategoriesData" time="0.155" classname="com.bestby.productapitest.ProductAPIGetTest"/>
  <testcase name="verifyCategoriesData" time="0.161" classname="com.bestby.productapitest.ProductAPIGetTest"/>
  <testcase name="verifyCategoriesData" time="0.157" classname="com.bestby.productapitest.ProductAPIGetTest"/>
  <testcase name="verifyProductApiResponse" time="0.153" classname="com.bestby.productapitest.ProductAPIGetTest"/>
  <testcase name="verifyCategoriesData" time="0.168" classname="com.bestby.productapitest.ProductAPIGetTest"/>
  <testcase name="verifyCategoriesData" time="0.157" classname="com.bestby.productapitest.ProductAPIGetTest"/>
  <testcase name="verifyCategoriesData" time="0.213" classname="com.bestby.productapitest.ProductAPIGetTest"/>
  <testcase name="verifyProductApiResponse" time="0.154" classname="com.bestby.productapitest.ProductAPIGetTest"/>
  <testcase name="verifyCategoriesData" time="0.161" classname="com.bestby.productapitest.ProductAPIGetTest"/>
  <testcase name="verifyCategoriesData" time="0.154" classname="com.bestby.productapitest.ProductAPIGetTest"/>
  <testcase name="verifyCategoriesData" time="0.154" classname="com.bestby.productapitest.ProductAPIGetTest"/>
  <testcase name="verifyCategoriesData" time="0.157" classname="com.bestby.productapitest.ProductAPIGetTest"/>
  <testcase name="verifyCategoriesData" time="0.168" classname="com.bestby.productapitest.ProductAPIGetTest"/>
  <testcase name="verifyCategoriesData" time="0.155" classname="com.bestby.productapitest.ProductAPIGetTest"/>
  <testcase name="verifyCategoriesData" time="0.167" classname="com.bestby.productapitest.ProductAPIGetTest"/>
  <testcase name="verifyCategoriesData" time="0.161" classname="com.bestby.productapitest.ProductAPIGetTest"/>
  <testcase name="verifyCategoriesData" time="0.152" classname="com.bestby.productapitest.ProductAPIGetTest"/>
  <testcase name="verifyCategoriesData" time="0.158" classname="com.bestby.productapitest.ProductAPIGetTest"/>
  <testcase name="verifyCategoriesData" time="0.159" classname="com.bestby.productapitest.ProductAPIGetTest"/>
  <testcase name="verifyCategoriesData" time="0.147" classname="com.bestby.productapitest.ProductAPIGetTest"/>
  <testcase name="verifyProductApiResponse" time="0.147" classname="com.bestby.productapitest.ProductAPIGetTest"/>
  <testcase name="verifyCategoriesData" time="0.156" classname="com.bestby.productapitest.ProductAPIGetTest"/>
  <testcase name="verifyCategoriesData" time="0.173" classname="com.bestby.productapitest.ProductAPIGetTest"/>
  <testcase name="verifyCategoriesData" time="0.173" classname="com.bestby.productapitest.ProductAPIGetTest"/>
  <testcase name="verifyCategoriesData" time="0.166" classname="com.bestby.productapitest.ProductAPIGetTest"/>
  <testcase name="verifyCategoriesData" time="0.157" classname="com.bestby.productapitest.ProductAPIGetTest"/>
  <testcase name="verifyCategoriesData" time="0.152" classname="com.bestby.productapitest.ProductAPIGetTest"/>
  <testcase name="verifyCategoriesData" time="0.159" classname="com.bestby.productapitest.ProductAPIGetTest"/>
  <testcase name="verifyCategoriesData" time="0.165" classname="com.bestby.productapitest.ProductAPIGetTest"/>
  <testcase name="verifyCategoriesData" time="0.156" classname="com.bestby.productapitest.ProductAPIGetTest"/>
  <testcase name="verifyCategoriesData" time="0.166" classname="com.bestby.productapitest.ProductAPIGetTest"/>
  <testcase name="verifyCategoriesData" time="0.179" classname="com.bestby.productapitest.ProductAPIGetTest"/>
  <testcase name="verifyCategoriesData" time="0.154" classname="com.bestby.productapitest.ProductAPIGetTest"/>
  <testcase name="verifyCategoriesData" time="0.152" classname="com.bestby.productapitest.ProductAPIGetTest"/>
  <testcase name="verifyCategoriesData" time="0.158" classname="com.bestby.productapitest.ProductAPIGetTest"/>
  <testcase name="verifyCategoriesData" time="0.148" classname="com.bestby.productapitest.ProductAPIGetTest"/>
  <testcase name="verifyProductApiResponse" time="0.154" classname="com.bestby.productapitest.ProductAPIGetTest"/>
  <testcase name="verifyCategoriesData" time="0.157" classname="com.bestby.productapitest.ProductAPIGetTest"/>
  <testcase name="verifyCategoriesData" time="0.167" classname="com.bestby.productapitest.ProductAPIGetTest"/>
  <testcase name="verifyProductApiResponse" time="0.156" classname="com.bestby.productapitest.ProductAPIGetTest"/>
  <testcase name="verifyCategoriesData" time="0.153" classname="com.bestby.productapitest.ProductAPIGetTest"/>
  <testcase name="verifyCategoriesData" time="0.150" classname="com.bestby.productapitest.ProductAPIGetTest"/>
  <testcase name="verifyProductApiResponse" time="0.154" classname="com.bestby.productapitest.ProductAPIGetTest"/>
  <testcase name="verifyCategoriesData" time="0.158" classname="com.bestby.productapitest.ProductAPIGetTest"/>
  <testcase name="verifyProductApiResponse" time="0.169" classname="com.bestby.productapitest.ProductAPIGetTest"/>
  <testcase name="verifyCategoriesData" time="0.158" classname="com.bestby.productapitest.ProductAPIGetTest"/>
  <testcase name="verifyCategoriesData" time="0.156" classname="com.bestby.productapitest.ProductAPIGetTest"/>
  <testcase name="verifyProductApiResponse" time="0.158" classname="com.bestby.productapitest.ProductAPIGetTest"/>
  <testcase name="verifyProductApiResponse" time="0.158" classname="com.bestby.productapitest.ProductAPIGetTest"/>
  <testcase name="verifyCategoriesData" time="0.159" classname="com.bestby.productapitest.ProductAPIGetTest"/>
  <testcase name="verifyCategoriesData" time="0.152" classname="com.bestby.productapitest.ProductAPIGetTest"/>
  <testcase name="verifyProductApiResponse" time="0.156" classname="com.bestby.productapitest.ProductAPIGetTest"/>
</testsuite> <!-- com.bestby.productapitest.ProductAPIGetTest -->
