<?xml version="1.0" encoding="UTF-8"?>
<!-- Generated by org.testng.reporters.JUnitReportReporter -->
<testsuite skipped="0" hostname="LAPTOP-ORI8JR52" name="com.bestby.productapitest.ProductAPIPostTest" tests="4" failures="0" timestamp="2020-10-24T13:33:00 IST" time="0.069" errors="0">
  <testcase name="verifyProductApiProductAddTest" time="0.019" classname="com.bestby.productapitest.ProductAPIPostTest"/>
  <testcase name="verifyProductApiProductAddTest" time="0.017" classname="com.bestby.productapitest.ProductAPIPostTest"/>
  <testcase name="verifyProductApiProductAddTest" time="0.016" classname="com.bestby.productapitest.ProductAPIPostTest"/>
  <testcase name="verifyProductApiProductAddTest" time="0.017" classname="com.bestby.productapitest.ProductAPIPostTest"/>
</testsuite> <!-- com.bestby.productapitest.ProductAPIPostTest -->
