<?xml version="1.0" encoding="UTF-8"?>
<!-- Generated by org.testng.reporters.JUnitReportReporter -->
<testsuite skipped="0" hostname="LAPTOP-ORI8JR52" name="com.bestbuy.storesapitest.StoresAPIPostTest" tests="2" failures="0" timestamp="2020-10-24T13:33:00 IST" time="0.046" errors="0">
  <testcase name="verifyStoresApiStoresAddTest" time="0.025" classname="com.bestbuy.storesapitest.StoresAPIPostTest"/>
  <testcase name="verifyStoresApiStoresAddTest" time="0.021" classname="com.bestbuy.storesapitest.StoresAPIPostTest"/>
</testsuite> <!-- com.bestbuy.storesapitest.StoresAPIPostTest -->
